#
# A fatal error has been detected by the Java Runtime Environment:
#
#  Internal Error (javaClasses.cpp:126), pid=6740, tid=6064
#  fatal error: Invalid layout of preloaded class
#
# JRE version:  (8.0_25-b18) (build )
# Java VM: Java HotSpot(TM) Client VM (25.25-b02 mixed mode windows-x86 )
# Failed to write core dump. Minidumps are not enabled by default on client versions of Windows
#
# If you would like to submit a bug report, please visit:
#   http://bugreport.sun.com/bugreport/crash.jsp
#

---------------  T H R E A D  ---------------

Current thread (0x0070c400):  JavaThread "Unknown thread" [_thread_in_vm, id=6064, stack(0x00c00000,0x00c50000)]

Stack: [0x00c00000,0x00c50000],  sp=0x00c4f9d4,  free space=318k
Native frames: (J=compiled Java code, j=interpreted, Vv=VM code, C=native code)
V  [jvm.dll+0x19796b]
V  [jvm.dll+0x1908e6]
V  [jvm.dll+0x3b4e9]
V  [jvm.dll+0x3b69e]
V  [jvm.dll+0x4a063]
V  [jvm.dll+0x9dc8e]
V  [jvm.dll+0x9df52]
V  [jvm.dll+0x145a01]
V  [jvm.dll+0x169ab8]
V  [jvm.dll+0xdaea1]
C  [javaw.exe+0x13e4]
C  [javaw.exe+0x1eb7]
C  [javaw.exe+0xaba1]
C  [javaw.exe+0xac2b]
C  [kernel32.dll+0x4ee1c]
C  [ntdll.dll+0x637eb]
C  [ntdll.dll+0x637be]
C  0x00000000


---------------  P R O C E S S  ---------------

Java Threads: ( => current thread )

Other Threads:

=>0x0070c400 (exited) JavaThread "Unknown thread" [_thread_in_vm, id=6064, stack(0x00c00000,0x00c50000)]

VM state:not at safepoint (not fully initialized)

VM Mutex/Monitor currently owned by a thread: None

GC Heap History (0 events):
No events

Deoptimization events (0 events):
No events

Internal exceptions (0 events):
No events

Events (10 events):
Event: 0.010 loading class java/lang/CharSequence done
Event: 0.011 loading class java/lang/String done
Event: 0.011 loading class java/lang/Class
Event: 0.011 loading class java/lang/reflect/AnnotatedElement
Event: 0.011 loading class java/lang/reflect/AnnotatedElement done
Event: 0.011 loading class java/lang/reflect/GenericDeclaration
Event: 0.011 loading class java/lang/reflect/GenericDeclaration done
Event: 0.011 loading class java/lang/reflect/Type
Event: 0.011 loading class java/lang/reflect/Type done
Event: 0.011 loading class java/lang/Class done


Dynamic libraries:
0x00dd0000 - 0x00e00000 	C:\Program Files\Java\jre1.8.0_25\bin\javaw.exe
0x77970000 - 0x77aac000 	C:\Windows\SYSTEM32\ntdll.dll
0x75d10000 - 0x75de4000 	C:\Windows\system32\kernel32.dll
0x75cb0000 - 0x75cfb000 	C:\Windows\system32\KERNELBASE.dll
0x76fb0000 - 0x77050000 	C:\Windows\system32\ADVAPI32.dll
0x76bb0000 - 0x76c5c000 	C:\Windows\system32\msvcrt.dll
0x76ee0000 - 0x76ef9000 	C:\Windows\SYSTEM32\sechost.dll
0x76f00000 - 0x76fa2000 	C:\Windows\system32\RPCRT4.dll
0x76dd0000 - 0x76e99000 	C:\Windows\system32\USER32.dll
0x771f0000 - 0x7723e000 	C:\Windows\system32\GDI32.dll
0x77b50000 - 0x77b5a000 	C:\Windows\system32\LPK.dll
0x76d30000 - 0x76dcd000 	C:\Windows\system32\USP10.dll
0x748f0000 - 0x74a8e000 	C:\Windows\WinSxS\x86_microsoft.windows.common-controls_6595b64144ccf1df_6.0.7601.17514_none_41e6975e2bd6f2b2\COMCTL32.dll
0x75e80000 - 0x75ed7000 	C:\Windows\system32\SHLWAPI.dll
0x76b90000 - 0x76baf000 	C:\Windows\system32\IMM32.DLL
0x76c60000 - 0x76d2c000 	C:\Windows\system32\MSCTF.dll
0x61430000 - 0x614ef000 	C:\Program Files\Java\jre1.8.0_25\bin\msvcr100.dll
0x62440000 - 0x627e4000 	C:\Program Files\Java\jre1.8.0_25\bin\client\jvm.dll
0x726f0000 - 0x726f7000 	C:\Windows\system32\WSOCK32.dll
0x76ea0000 - 0x76ed5000 	C:\Windows\system32\WS2_32.dll
0x77b90000 - 0x77b96000 	C:\Windows\system32\NSI.dll
0x73d30000 - 0x73d62000 	C:\Windows\system32\WINMM.dll
0x77ab0000 - 0x77ab5000 	C:\Windows\system32\PSAPI.DLL
0x6d9b0000 - 0x6d9bc000 	C:\Program Files\Java\jre1.8.0_25\bin\verify.dll
0x6c760000 - 0x6c781000 	C:\Program Files\Java\jre1.8.0_25\bin\java.dll
0x6c7a0000 - 0x6c7b3000 	C:\Program Files\Java\jre1.8.0_25\bin\zip.dll
0x70f00000 - 0x70feb000 	C:\Windows\system32\dbghelp.dll

VM Arguments:
jvm_args: -Dfile.encoding=Cp1252 -Xbootclasspath:C:\Users\informatica.GRUPOFORTRESS\AppData\Local\Android\sdk\platforms\android-21\android.jar 
java_command: br.com.grupofortress.Principal
java_class_path (initial): D:\eclipse\workspace\FortressApp\bin\classes;D:\eclipse\workspace\FortressApp\libs\android-support-v4.jar;D:\eclipse\workspace\appcompat_v7\libs\android-support-v7-appcompat.jar;D:\eclipse\workspace\appcompat_v7\bin\appcompat_v7.jar;C:\Bibliotecas Java\Jsom\json-simple-1.1.1.jar;C:\Bibliotecas Java\Jsom\org.json-20120521.jar
Launcher Type: SUN_STANDARD

Environment Variables:
JAVA_HOME=C:\Program Files\Java\jdk1.7.0_03\lib;,; 
CLASSPATH=.;C:\Program Files\Java\jdk1.7.0_03\lib;,; \lib;C:\Program Files\Java\jdk1.7.0_03\lib;,; \lib\tools.jar;C:\Program Files\Java\jdk1.7.0_03\lib;,; \lib\dt.jar;C:\Program Files\Java\jdk1.7.0_03\lib;,; \lib\htmlconverter.jar;C:\Program Files\Java\jdk1.7.0_03\lib;,; \jre\lib;C:\Program Files\Java\jdk1.7.0_03\lib;,; \jre\lib\rt.jar
PATH=C:/Program Files/Java/jre1.8.0_25/bin/client;C:/Program Files/Java/jre1.8.0_25/bin;C:/Program Files/Java/jre1.8.0_25/lib/i386;C:\ProgramData\Oracle\Java\javapath;C:\Windows\system32;C:\Windows;C:\Windows\System32\Wbem;C:\Windows\System32\WindowsPowerShell\v1.0\;C:\Program Files\Microsoft SQL Server\80\Tools\BINN;C:\Program Files\Java\jdk1.7.0_03\lib;,; \bin;C:\Program Files\Microsoft SQL Server\100\Tools\Binn\;C:\Program Files\Microsoft SQL Server\100\DTS\Binn\;C:\Program Files\Microsoft SQL Server\100\Tools\Binn\VSShell\Common7\IDE\;C:\Program Files\Microsoft Visual Studio 9.0\Common7\IDE\PrivateAssemblies\;C:\Program Files\Internet Explorer;C:\Program Files\Common Files\Bosch\VideoSDK;C:\Program Files\Microsoft SQL Server\110\Tools\Binn\;C:\Program Files\Microsoft SQL Server\120\Tools\Binn\;install-dir/bin/;C:\Program Files\Common Files\Ahead\Lib\;C:\Program Files\Common Files\Ahead\Lib\;C:\Program Files\Common Files\Ahead\Lib\;D:\eclipse;
USERNAME=informatica
OS=Windows_NT
PROCESSOR_IDENTIFIER=x86 Family 6 Model 23 Stepping 10, GenuineIntel



---------------  S Y S T E M  ---------------

OS: Windows 7 Build 7601 Service Pack 1

CPU:total 2 (2 cores per cpu, 1 threads per core) family 6 model 23 stepping 10, cmov, cx8, fxsr, mmx, sse, sse2, sse3, ssse3, sse4.1, tsc

Memory: 4k page, physical 3669176k(839592k free), swap 7336600k(1066556k free)

vm_info: Java HotSpot(TM) Client VM (25.25-b02) for windows-x86 JRE (1.8.0_25-b18), built on Oct  7 2014 14:31:05 by "java_re" with MS VC++ 10.0 (VS2010)

time: Mon Mar 02 17:35:05 2015
elapsed time: 0 seconds (0d 0h 0m 0s)

